
*** Running vivado
    with args -log alarm_1p.vds -m64 -product Vivado -mode batch -messageDb vivado.pb -notrace -source alarm_1p.tcl


****** Vivado v2018.3 (64-bit)
  **** SW Build 2405991 on Thu Dec  6 23:36:41 MST 2018
  **** IP Build 2404404 on Fri Dec  7 01:43:56 MST 2018
    ** Copyright 1986-2018 Xilinx, Inc. All Rights Reserved.

source alarm_1p.tcl -notrace
Command: synth_design -top alarm_1p -part xc7a100tcsg324-1
Starting synth_design
Attempting to get a license for feature 'Synthesis' and/or device 'xc7a100t'
INFO: [Common 17-349] Got license for feature 'Synthesis' and/or device 'xc7a100t'
INFO: Launching helper process for spawning children vivado processes
INFO: Helper process launched with PID 265752 
---------------------------------------------------------------------------------
Starting RTL Elaboration : Time (s): cpu = 00:00:02 ; elapsed = 00:00:03 . Memory (MB): peak = 1525.285 ; gain = 85.902 ; free physical = 99829 ; free virtual = 115778
---------------------------------------------------------------------------------
INFO: [Synth 8-638] synthesizing module 'alarm_1p' [/home/labor/digilab1/digilab1_301/VHDL_kurs/V5/teil1/src/alarm_1p.vhd:16]
INFO: [Synth 8-3491] module 'pcu' declared at '/home/labor/digilab1/digilab1_301/VHDL_kurs/V5/teil1/src/pcu.vhd:5' bound to instance 'pcu_component' of component 'pcu' [/home/labor/digilab1/digilab1_301/VHDL_kurs/V5/teil1/src/alarm_1p.vhd:43]
INFO: [Synth 8-638] synthesizing module 'pcu' [/home/labor/digilab1/digilab1_301/VHDL_kurs/V5/teil1/src/pcu.vhd:17]
INFO: [Synth 8-256] done synthesizing module 'pcu' (1#1) [/home/labor/digilab1/digilab1_301/VHDL_kurs/V5/teil1/src/pcu.vhd:17]
INFO: [Synth 8-256] done synthesizing module 'alarm_1p' (2#1) [/home/labor/digilab1/digilab1_301/VHDL_kurs/V5/teil1/src/alarm_1p.vhd:16]
---------------------------------------------------------------------------------
Finished RTL Elaboration : Time (s): cpu = 00:00:02 ; elapsed = 00:00:04 . Memory (MB): peak = 1570.043 ; gain = 130.660 ; free physical = 99840 ; free virtual = 115789
---------------------------------------------------------------------------------

Report Check Netlist: 
+------+------------------+-------+---------+-------+------------------+
|      |Item              |Errors |Warnings |Status |Description       |
+------+------------------+-------+---------+-------+------------------+
|1     |multi_driven_nets |      0|        0|Passed |Multi driven nets |
+------+------------------+-------+---------+-------+------------------+
---------------------------------------------------------------------------------
Start Handling Custom Attributes
---------------------------------------------------------------------------------
---------------------------------------------------------------------------------
Finished Handling Custom Attributes : Time (s): cpu = 00:00:03 ; elapsed = 00:00:04 . Memory (MB): peak = 1570.043 ; gain = 130.660 ; free physical = 99840 ; free virtual = 115789
---------------------------------------------------------------------------------
---------------------------------------------------------------------------------
Finished RTL Optimization Phase 1 : Time (s): cpu = 00:00:03 ; elapsed = 00:00:04 . Memory (MB): peak = 1570.043 ; gain = 130.660 ; free physical = 99840 ; free virtual = 115789
---------------------------------------------------------------------------------
INFO: [Device 21-403] Loading part xc7a100tcsg324-1
INFO: [Project 1-570] Preparing netlist for logic optimization

Processing XDC Constraints
Initializing timing engine
Parsing XDC File [/home/labor/digilab1/digilab1_301/VHDL_kurs/V5/teil1/vivado/alarm_1p.xdc]
Finished Parsing XDC File [/home/labor/digilab1/digilab1_301/VHDL_kurs/V5/teil1/vivado/alarm_1p.xdc]
Completed Processing XDC Constraints

Netlist sorting complete. Time (s): cpu = 00:00:00 ; elapsed = 00:00:00 . Memory (MB): peak = 1938.008 ; gain = 0.000 ; free physical = 99496 ; free virtual = 115445
INFO: [Project 1-111] Unisim Transformation Summary:
No Unisim elements were transformed.

Netlist sorting complete. Time (s): cpu = 00:00:00 ; elapsed = 00:00:00 . Memory (MB): peak = 1938.008 ; gain = 0.000 ; free physical = 99496 ; free virtual = 115445
Constraint Validation Runtime : Time (s): cpu = 00:00:00 ; elapsed = 00:00:00 . Memory (MB): peak = 1938.008 ; gain = 0.000 ; free physical = 99496 ; free virtual = 115445
---------------------------------------------------------------------------------
Finished Constraint Validation : Time (s): cpu = 00:00:08 ; elapsed = 00:00:12 . Memory (MB): peak = 1938.008 ; gain = 498.625 ; free physical = 99635 ; free virtual = 115585
---------------------------------------------------------------------------------
---------------------------------------------------------------------------------
Start Loading Part and Timing Information
---------------------------------------------------------------------------------
Loading part: xc7a100tcsg324-1
---------------------------------------------------------------------------------
Finished Loading Part and Timing Information : Time (s): cpu = 00:00:08 ; elapsed = 00:00:12 . Memory (MB): peak = 1938.008 ; gain = 498.625 ; free physical = 99635 ; free virtual = 115585
---------------------------------------------------------------------------------
---------------------------------------------------------------------------------
Start Applying 'set_property' XDC Constraints
---------------------------------------------------------------------------------
---------------------------------------------------------------------------------
Finished applying 'set_property' XDC Constraints : Time (s): cpu = 00:00:08 ; elapsed = 00:00:12 . Memory (MB): peak = 1938.008 ; gain = 498.625 ; free physical = 99637 ; free virtual = 115586
---------------------------------------------------------------------------------
INFO: [Synth 8-802] inferred FSM for state register 'state_reg' in module 'alarm_1p'
INFO: [Synth 8-5546] ROM "state" won't be mapped to RAM because it is too sparse
INFO: [Synth 8-5544] ROM "alarm" won't be mapped to Block RAM because address size (3) smaller than threshold (5)
INFO: [Synth 8-5544] ROM "load_pcu" won't be mapped to Block RAM because address size (3) smaller than threshold (5)
INFO: [Synth 8-5544] ROM "state" won't be mapped to Block RAM because address size (1) smaller than threshold (5)
---------------------------------------------------------------------------------------------------
                   State |                     New Encoding |                Previous Encoding 
---------------------------------------------------------------------------------------------------
                     off |                            00001 |                              000
                    idle |                            00010 |                              001
                     run |                            00100 |                              010
              door_close |                            01000 |                              100
             alarm_state |                            10000 |                              011
---------------------------------------------------------------------------------------------------
INFO: [Synth 8-3354] encoded FSM with state register 'state_reg' using encoding 'one-hot' in module 'alarm_1p'
---------------------------------------------------------------------------------
Finished RTL Optimization Phase 2 : Time (s): cpu = 00:00:08 ; elapsed = 00:00:12 . Memory (MB): peak = 1938.008 ; gain = 498.625 ; free physical = 99627 ; free virtual = 115577
---------------------------------------------------------------------------------

Report RTL Partitions: 
+-+--------------+------------+----------+
| |RTL Partition |Replication |Instances |
+-+--------------+------------+----------+
+-+--------------+------------+----------+
---------------------------------------------------------------------------------
Start RTL Component Statistics 
---------------------------------------------------------------------------------
Detailed RTL Component Info : 
+---Adders : 
	   2 Input     16 Bit       Adders := 1     
+---Registers : 
	               16 Bit    Registers := 1     
	                1 Bit    Registers := 4     
+---Muxes : 
	   2 Input     16 Bit        Muxes := 1     
	   5 Input      5 Bit        Muxes := 1     
	   2 Input      5 Bit        Muxes := 1     
	   2 Input      1 Bit        Muxes := 2     
	   3 Input      1 Bit        Muxes := 1     
	   5 Input      1 Bit        Muxes := 3     
---------------------------------------------------------------------------------
Finished RTL Component Statistics 
---------------------------------------------------------------------------------
---------------------------------------------------------------------------------
Start RTL Hierarchical Component Statistics 
---------------------------------------------------------------------------------
Hierarchical RTL Component report 
Module alarm_1p 
Detailed RTL Component Info : 
+---Registers : 
	               16 Bit    Registers := 1     
	                1 Bit    Registers := 4     
+---Muxes : 
	   5 Input      5 Bit        Muxes := 1     
	   2 Input      5 Bit        Muxes := 1     
	   3 Input      1 Bit        Muxes := 1     
	   5 Input      1 Bit        Muxes := 3     
Module pcu 
Detailed RTL Component Info : 
+---Adders : 
	   2 Input     16 Bit       Adders := 1     
+---Muxes : 
	   2 Input     16 Bit        Muxes := 1     
	   2 Input      1 Bit        Muxes := 2     
---------------------------------------------------------------------------------
Finished RTL Hierarchical Component Statistics
---------------------------------------------------------------------------------
---------------------------------------------------------------------------------
Start Part Resource Summary
---------------------------------------------------------------------------------
Part Resources:
DSPs: 240 (col length:80)
BRAMs: 270 (col length: RAMB18 80 RAMB36 40)
---------------------------------------------------------------------------------
Finished Part Resource Summary
---------------------------------------------------------------------------------
---------------------------------------------------------------------------------
Start Cross Boundary and Area Optimization
---------------------------------------------------------------------------------
Warning: Parallel synthesis criteria is not met 
INFO: [Synth 8-3886] merging instance 'loadvalue_pcu_reg[14]' (FDRE) to 'jump_pcu_reg'
INFO: [Synth 8-3886] merging instance 'loadvalue_pcu_reg[15]' (FDRE) to 'jump_pcu_reg'
INFO: [Synth 8-3886] merging instance 'loadvalue_pcu_reg[13]' (FDRE) to 'jump_pcu_reg'
INFO: [Synth 8-3886] merging instance 'loadvalue_pcu_reg[12]' (FDRE) to 'jump_pcu_reg'
INFO: [Synth 8-3886] merging instance 'loadvalue_pcu_reg[11]' (FDRE) to 'jump_pcu_reg'
INFO: [Synth 8-3886] merging instance 'loadvalue_pcu_reg[10]' (FDRE) to 'jump_pcu_reg'
INFO: [Synth 8-3886] merging instance 'loadvalue_pcu_reg[9]' (FDRE) to 'jump_pcu_reg'
INFO: [Synth 8-3886] merging instance 'loadvalue_pcu_reg[8]' (FDRE) to 'jump_pcu_reg'
INFO: [Synth 8-3886] merging instance 'loadvalue_pcu_reg[7]' (FDRE) to 'jump_pcu_reg'
INFO: [Synth 8-3886] merging instance 'loadvalue_pcu_reg[6]' (FDRE) to 'jump_pcu_reg'
INFO: [Synth 8-3886] merging instance 'loadvalue_pcu_reg[5]' (FDRE) to 'jump_pcu_reg'
INFO: [Synth 8-3886] merging instance 'loadvalue_pcu_reg[4]' (FDRE) to 'jump_pcu_reg'
INFO: [Synth 8-3886] merging instance 'loadvalue_pcu_reg[0]' (FDRE) to 'jump_pcu_reg'
INFO: [Synth 8-3886] merging instance 'loadvalue_pcu_reg[1]' (FDRE) to 'jump_pcu_reg'
INFO: [Synth 8-3886] merging instance 'loadvalue_pcu_reg[2]' (FDRE) to 'jump_pcu_reg'
INFO: [Synth 8-3886] merging instance 'loadvalue_pcu_reg[3]' (FDRE) to 'jump_pcu_reg'
INFO: [Synth 8-3333] propagating constant 0 across sequential element (stop_pcu_reg)
INFO: [Synth 8-3333] propagating constant 0 across sequential element (jump_pcu_reg)
---------------------------------------------------------------------------------
Finished Cross Boundary and Area Optimization : Time (s): cpu = 00:00:09 ; elapsed = 00:00:12 . Memory (MB): peak = 1938.008 ; gain = 498.625 ; free physical = 99617 ; free virtual = 115568
---------------------------------------------------------------------------------

Report RTL Partitions: 
+-+--------------+------------+----------+
| |RTL Partition |Replication |Instances |
+-+--------------+------------+----------+
+-+--------------+------------+----------+
---------------------------------------------------------------------------------
Start Applying XDC Timing Constraints
---------------------------------------------------------------------------------
---------------------------------------------------------------------------------
Finished Applying XDC Timing Constraints : Time (s): cpu = 00:00:14 ; elapsed = 00:00:17 . Memory (MB): peak = 1938.008 ; gain = 498.625 ; free physical = 99512 ; free virtual = 115463
---------------------------------------------------------------------------------
---------------------------------------------------------------------------------
Start Timing Optimization
---------------------------------------------------------------------------------
---------------------------------------------------------------------------------
Finished Timing Optimization : Time (s): cpu = 00:00:14 ; elapsed = 00:00:17 . Memory (MB): peak = 1938.008 ; gain = 498.625 ; free physical = 99512 ; free virtual = 115463
---------------------------------------------------------------------------------

Report RTL Partitions: 
+-+--------------+------------+----------+
| |RTL Partition |Replication |Instances |
+-+--------------+------------+----------+
+-+--------------+------------+----------+
---------------------------------------------------------------------------------
Start Technology Mapping
---------------------------------------------------------------------------------
---------------------------------------------------------------------------------
Finished Technology Mapping : Time (s): cpu = 00:00:14 ; elapsed = 00:00:17 . Memory (MB): peak = 1938.008 ; gain = 498.625 ; free physical = 99512 ; free virtual = 115464
---------------------------------------------------------------------------------

Report RTL Partitions: 
+-+--------------+------------+----------+
| |RTL Partition |Replication |Instances |
+-+--------------+------------+----------+
+-+--------------+------------+----------+
---------------------------------------------------------------------------------
Start IO Insertion
---------------------------------------------------------------------------------
---------------------------------------------------------------------------------
Start Flattening Before IO Insertion
---------------------------------------------------------------------------------
---------------------------------------------------------------------------------
Finished Flattening Before IO Insertion
---------------------------------------------------------------------------------
---------------------------------------------------------------------------------
Start Final Netlist Cleanup
---------------------------------------------------------------------------------
---------------------------------------------------------------------------------
Finished Final Netlist Cleanup
---------------------------------------------------------------------------------
---------------------------------------------------------------------------------
Finished IO Insertion : Time (s): cpu = 00:00:14 ; elapsed = 00:00:18 . Memory (MB): peak = 1938.008 ; gain = 498.625 ; free physical = 99512 ; free virtual = 115463
---------------------------------------------------------------------------------

Report Check Netlist: 
+------+------------------+-------+---------+-------+------------------+
|      |Item              |Errors |Warnings |Status |Description       |
+------+------------------+-------+---------+-------+------------------+
|1     |multi_driven_nets |      0|        0|Passed |Multi driven nets |
+------+------------------+-------+---------+-------+------------------+
---------------------------------------------------------------------------------
Start Renaming Generated Instances
---------------------------------------------------------------------------------
---------------------------------------------------------------------------------
Finished Renaming Generated Instances : Time (s): cpu = 00:00:14 ; elapsed = 00:00:18 . Memory (MB): peak = 1938.008 ; gain = 498.625 ; free physical = 99512 ; free virtual = 115463
---------------------------------------------------------------------------------

Report RTL Partitions: 
+-+--------------+------------+----------+
| |RTL Partition |Replication |Instances |
+-+--------------+------------+----------+
+-+--------------+------------+----------+
---------------------------------------------------------------------------------
Start Rebuilding User Hierarchy
---------------------------------------------------------------------------------
---------------------------------------------------------------------------------
Finished Rebuilding User Hierarchy : Time (s): cpu = 00:00:14 ; elapsed = 00:00:18 . Memory (MB): peak = 1938.008 ; gain = 498.625 ; free physical = 99512 ; free virtual = 115463
---------------------------------------------------------------------------------
---------------------------------------------------------------------------------
Start Renaming Generated Ports
---------------------------------------------------------------------------------
---------------------------------------------------------------------------------
Finished Renaming Generated Ports : Time (s): cpu = 00:00:14 ; elapsed = 00:00:18 . Memory (MB): peak = 1938.008 ; gain = 498.625 ; free physical = 99512 ; free virtual = 115463
---------------------------------------------------------------------------------
---------------------------------------------------------------------------------
Start Handling Custom Attributes
---------------------------------------------------------------------------------
---------------------------------------------------------------------------------
Finished Handling Custom Attributes : Time (s): cpu = 00:00:14 ; elapsed = 00:00:18 . Memory (MB): peak = 1938.008 ; gain = 498.625 ; free physical = 99512 ; free virtual = 115463
---------------------------------------------------------------------------------
---------------------------------------------------------------------------------
Start Renaming Generated Nets
---------------------------------------------------------------------------------
---------------------------------------------------------------------------------
Finished Renaming Generated Nets : Time (s): cpu = 00:00:14 ; elapsed = 00:00:18 . Memory (MB): peak = 1938.008 ; gain = 498.625 ; free physical = 99512 ; free virtual = 115463
---------------------------------------------------------------------------------
---------------------------------------------------------------------------------
Start Writing Synthesis Report
---------------------------------------------------------------------------------

Report BlackBoxes: 
+-+--------------+----------+
| |BlackBox name |Instances |
+-+--------------+----------+
+-+--------------+----------+

Report Cell Usage: 
+------+-------+------+
|      |Cell   |Count |
+------+-------+------+
|1     |BUFG   |     1|
|2     |CARRY4 |     4|
|3     |LUT1   |     1|
|4     |LUT2   |     6|
|5     |LUT4   |     1|
|6     |LUT5   |     3|
|7     |LUT6   |     3|
|8     |FDRE   |    22|
|9     |FDSE   |     1|
|10    |IBUF   |     5|
|11    |OBUF   |     1|
+------+-------+------+

Report Instance Areas: 
+------+----------------+-------+------+
|      |Instance        |Module |Cells |
+------+----------------+-------+------+
|1     |top             |       |    48|
|2     |  pcu_component |pcu    |    26|
+------+----------------+-------+------+
---------------------------------------------------------------------------------
Finished Writing Synthesis Report : Time (s): cpu = 00:00:14 ; elapsed = 00:00:18 . Memory (MB): peak = 1938.008 ; gain = 498.625 ; free physical = 99512 ; free virtual = 115463
---------------------------------------------------------------------------------
Synthesis finished with 0 errors, 0 critical warnings and 0 warnings.
Synthesis Optimization Runtime : Time (s): cpu = 00:00:11 ; elapsed = 00:00:13 . Memory (MB): peak = 1938.008 ; gain = 130.660 ; free physical = 99566 ; free virtual = 115517
Synthesis Optimization Complete : Time (s): cpu = 00:00:14 ; elapsed = 00:00:18 . Memory (MB): peak = 1938.008 ; gain = 498.625 ; free physical = 99566 ; free virtual = 115517
INFO: [Project 1-571] Translating synthesized netlist
INFO: [Netlist 29-17] Analyzing 4 Unisim elements for replacement
INFO: [Netlist 29-28] Unisim Transformation completed in 0 CPU seconds
INFO: [Project 1-570] Preparing netlist for logic optimization
INFO: [Opt 31-138] Pushed 0 inverter(s) to 0 load pin(s).
Netlist sorting complete. Time (s): cpu = 00:00:00 ; elapsed = 00:00:00 . Memory (MB): peak = 1938.012 ; gain = 0.000 ; free physical = 99507 ; free virtual = 115458
INFO: [Project 1-111] Unisim Transformation Summary:
No Unisim elements were transformed.

INFO: [Common 17-83] Releasing license: Synthesis
40 Infos, 0 Warnings, 0 Critical Warnings and 0 Errors encountered.
synth_design completed successfully
synth_design: Time (s): cpu = 00:00:16 ; elapsed = 00:00:19 . Memory (MB): peak = 1938.012 ; gain = 510.176 ; free physical = 99564 ; free virtual = 115515
Netlist sorting complete. Time (s): cpu = 00:00:00 ; elapsed = 00:00:00 . Memory (MB): peak = 1938.012 ; gain = 0.000 ; free physical = 99564 ; free virtual = 115515
WARNING: [Constraints 18-5210] No constraints selected for write.
Resolution: This message can indicate that there are no constraints for the design, or it can indicate that the used_in flags are set such that the constraints are ignored. This later case is used when running synth_design to not write synthesis constraints to the resulting checkpoint. Instead, project constraints are read when the synthesized design is opened.
INFO: [Common 17-1381] The checkpoint '/home/labor/digilab1/digilab1_301/VHDL_kurs/V5/teil1/vivado/alarmanlage/alarmanlage.runs/synth_1/alarm_1p.dcp' has been generated.
INFO: [runtcl-4] Executing : report_utilization -file alarm_1p_utilization_synth.rpt -pb alarm_1p_utilization_synth.pb
INFO: [Common 17-206] Exiting Vivado at Mon Jan 22 16:20:14 2024...
